::1 - - [16/Apr/2026 15:16:01] "GET /index.html HTTP/1.1" 200 -
::1 - - [16/Apr/2026 15:16:01] "GET /styles.css HTTP/1.1" 200 -
::1 - - [16/Apr/2026 15:16:02] "GET /script.js HTTP/1.1" 200 -
::1 - - [16/Apr/2026 15:16:02] code 404, message File not found
::1 - - [16/Apr/2026 15:16:02] "GET /favicon.ico HTTP/1.1" 404 -
::1 - - [16/Apr/2026 15:18:32] "GET /index.html HTTP/1.1" 200 -
::1 - - [16/Apr/2026 15:31:07] "GET /index.html HTTP/1.1" 200 -
::1 - - [16/Apr/2026 15:31:11] "GET /index.html HTTP/1.1" 304 -
::1 - - [16/Apr/2026 15:31:11] "GET /styles.css HTTP/1.1" 304 -
::1 - - [16/Apr/2026 15:31:12] "GET /script.js HTTP/1.1" 304 -
::1 - - [16/Apr/2026 15:39:16] "GET /index.html HTTP/1.1" 200 -
::1 - - [16/Apr/2026 15:39:16] "GET /index.html HTTP/1.1" 200 -
::1 - - [16/Apr/2026 15:39:23] "GET /index.html?fresh=1 HTTP/1.1" 200 -
::1 - - [16/Apr/2026 15:41:56] "GET /index.html?fresh=1 HTTP/1.1" 200 -
::1 - - [16/Apr/2026 15:41:56] "GET /styles.css HTTP/1.1" 200 -
::1 - - [16/Apr/2026 15:41:56] "GET /script.js HTTP/1.1" 304 -
::1 - - [16/Apr/2026 15:56:09] "GET /index.html HTTP/1.1" 200 -
::1 - - [16/Apr/2026 15:56:09] "GET /styles.css HTTP/1.1" 304 -
::1 - - [16/Apr/2026 15:56:09] "GET /script.js HTTP/1.1" 304 -
::1 - - [16/Apr/2026 16:05:32] "GET /index.html HTTP/1.1" 200 -
::1 - - [16/Apr/2026 16:05:32] "GET /index.html?fresh=2 HTTP/1.1" 200 -
::1 - - [16/Apr/2026 16:05:43] "GET /index.html?fresh=2 HTTP/1.1" 200 -
::1 - - [16/Apr/2026 16:05:45] "GET /assets/ksa-coverage.png HTTP/1.1" 200 -
::1 - - [16/Apr/2026 16:05:45] "GET /assets/jawdah-logo.png HTTP/1.1" 200 -
::1 - - [16/Apr/2026 16:31:56] "GET /index.html?fresh=2 HTTP/1.1" 200 -
::1 - - [16/Apr/2026 16:31:57] "GET /assets/jawdah-logo.png HTTP/1.1" 200 -
::1 - - [16/Apr/2026 16:31:57] "GET /assets/ksa-coverage.png HTTP/1.1" 200 -
::1 - - [16/Apr/2026 16:58:09] "GET /index.html?fresh=hero3 HTTP/1.1" 200 -
::1 - - [16/Apr/2026 16:58:17] "GET /index.html?fresh=hero3 HTTP/1.1" 200 -
::1 - - [16/Apr/2026 16:58:19] "GET /assets/ksa-coverage.png HTTP/1.1" 304 -
::1 - - [16/Apr/2026 16:58:19] "GET /assets/jawdah-logo.png HTTP/1.1" 304 -
::1 - - [16/Apr/2026 17:10:09] "GET /index.html?fresh=story1 HTTP/1.1" 200 -
::1 - - [16/Apr/2026 17:10:10] "GET /index.html?fresh=story1 HTTP/1.1" 200 -
::1 - - [16/Apr/2026 17:10:20] "GET /index.html?fresh=story1 HTTP/1.1" 200 -
::1 - - [16/Apr/2026 17:10:23] "GET /assets/jawdah-logo.png HTTP/1.1" 304 -
::1 - - [16/Apr/2026 17:14:51] "GET /index.html?fresh=mapfix1 HTTP/1.1" 200 -
::1 - - [16/Apr/2026 17:14:59] "GET /index.html?fresh=mapfix1 HTTP/1.1" 200 -
::1 - - [16/Apr/2026 17:36:55] "GET /index.html?fresh=agent1 HTTP/1.1" 200 -
::1 - - [16/Apr/2026 17:36:55] "GET /index.html?fresh=agent1 HTTP/1.1" 200 -
::1 - - [16/Apr/2026 17:45:34] "GET /index.html?fresh=agent1 HTTP/1.1" 200 -
::1 - - [16/Apr/2026 17:45:36] "GET /assets/jawdah-logo.png HTTP/1.1" 304 -
